  CAR_RACING.cpp
D:\pisi2\s2\c++\PROJET\TUTO\CAR_RACING.cpp(21,34): warning C4244: 'argument' : conversion de 'const double' en 'unsigned int', perte possible de données
D:\pisi2\s2\c++\PROJET\TUTO\CAR_RACING.cpp(21,28): warning C4244: 'argument' : conversion de 'const double' en 'unsigned int', perte possible de données
D:\pisi2\s2\c++\PROJET\TUTO\CAR_RACING.cpp(74,29): warning C4244: 'argument' : conversion de 'double' en 'float', perte possible de données
D:\pisi2\s2\c++\PROJET\TUTO\CAR_RACING.cpp(74,21): warning C4244: 'argument' : conversion de 'double' en 'float', perte possible de données
D:\pisi2\s2\c++\PROJET\TUTO\CAR_RACING.cpp(75,27): warning C4244: 'argument' : conversion de 'double' en 'float', perte possible de données
D:\pisi2\s2\c++\PROJET\TUTO\CAR_RACING.cpp(75,20): warning C4244: 'argument' : conversion de 'double' en 'float', perte possible de données
D:\pisi2\s2\c++\PROJET\TUTO\CAR_RACING.cpp(76,27): warning C4244: 'argument' : conversion de 'double' en 'float', perte possible de données
D:\pisi2\s2\c++\PROJET\TUTO\CAR_RACING.cpp(76,20): warning C4244: 'argument' : conversion de 'double' en 'float', perte possible de données
D:\pisi2\s2\c++\PROJET\TUTO\CAR_RACING.cpp(77,27): warning C4244: 'argument' : conversion de 'double' en 'float', perte possible de données
D:\pisi2\s2\c++\PROJET\TUTO\CAR_RACING.cpp(77,20): warning C4244: 'argument' : conversion de 'double' en 'float', perte possible de données
D:\pisi2\s2\c++\PROJET\TUTO\CAR_RACING.cpp(78,27): warning C4244: 'argument' : conversion de 'double' en 'float', perte possible de données
D:\pisi2\s2\c++\PROJET\TUTO\CAR_RACING.cpp(78,20): warning C4244: 'argument' : conversion de 'double' en 'float', perte possible de données
D:\pisi2\s2\c++\PROJET\TUTO\CAR_RACING.cpp(80,29): warning C4244: 'argument' : conversion de 'double' en 'float', perte possible de données
D:\pisi2\s2\c++\PROJET\TUTO\CAR_RACING.cpp(81,30): warning C4244: 'argument' : conversion de 'double' en 'float', perte possible de données
D:\pisi2\s2\c++\PROJET\TUTO\CAR_RACING.cpp(225,51): warning C4244: 'argument' : conversion de 'time_t' en 'unsigned int', perte possible de données
  Génération de code en cours
  1 of 110 functions ( 0.9%) were compiled, the rest were copied from previous compilation.
    0 functions were new in current compilation
    0 functions had inline decision re-evaluated but remain unchanged
  Fin de la génération du code
  TUTO.vcxproj -> D:\pisi2\s2\c++\PROJET\TUTO\x64\Release\TUTO.exe
